# JRE version: OpenJDK Runtime Environment (8.0_141-b16) (build 1.8.0_141-b16)
# Java VM: OpenJDK 64-Bit Server VM (25.141-b16 mixed mode linux-amd64 compressed oops)
Heap:
 par new generation   total 306688K, used 215755K [0x0000000700000000, 0x0000000714cc0000, 0x0000000714cc0000)
  eden space 272640K,  71% used [0x0000000700000000, 0x000000070beeeb58, 0x0000000710a40000)
  from space 34048K,  59% used [0x0000000712b80000, 0x0000000713f44310, 0x0000000714cc0000)
  to   space 34048K,   0% used [0x0000000710a40000, 0x0000000710a40000, 0x0000000712b80000)
 concurrent mark-sweep generation total 2804992K, used 1452584K [0x0000000714cc0000, 0x00000007c0000000, 0x00000007c0000000)
 Metaspace       used 130598K, capacity 132701K, committed 132932K, reserved 1165312K
  class space    used 16106K, capacity 16949K, committed 17032K, reserved 1048576K
GC Heap History (10 events):
Event: 1076.446 GC heap before
{Heap before GC invocations=107 (full 32):
 par new generation   total 306688K, used 272558K [0x0000000700000000, 0x0000000714cc0000, 0x0000000714cc0000)
  eden space 272640K,  87% used [0x0000000700000000, 0x000000070e8eb8e8, 0x0000000710a40000)
  from space 34048K, 100% used [0x0000000710a40000, 0x0000000712b80000, 0x0000000712b80000)
  to   space 34048K,   0% used [0x0000000712b80000, 0x0000000712b80000, 0x0000000714cc0000)
 concurrent mark-sweep generation total 2804992K, used 1449011K [0x0000000714cc0000, 0x00000007c0000000, 0x00000007c0000000)
 Metaspace       used 130176K, capacity 132259K, committed 132292K, reserved 1165312K
  class space    used 16053K, capacity 16886K, committed 16904K, reserved 1048576K
Event: 1076.506 GC heap after
Heap after GC invocations=108 (full 32):
 par new generation   total 306688K, used 34048K [0x0000000700000000, 0x0000000714cc0000, 0x0000000714cc0000)
  eden space 272640K,   0% used [0x0000000700000000, 0x0000000700000000, 0x0000000710a40000)
  from space 34048K, 100% used [0x0000000712b80000, 0x0000000714cc0000, 0x0000000714cc0000)
  to   space 34048K,   0% used [0x0000000710a40000, 0x0000000710a40000, 0x0000000712b80000)
 concurrent mark-sweep generation total 2804992K, used 1571580K [0x0000000714cc0000, 0x00000007c0000000, 0x00000007c0000000)
 Metaspace       used 130176K, capacity 132259K, committed 132292K, reserved 1165312K
  class space    used 16053K, capacity 16886K, committed 16904K, reserved 1048576K
}
Event: 1076.558 GC heap before
{Heap before GC invocations=108 (full 32):
 par new generation   total 306688K, used 272224K [0x0000000700000000, 0x0000000714cc0000, 0x0000000714cc0000)
  eden space 272640K,  87% used [0x0000000700000000, 0x000000070e898348, 0x0000000710a40000)
  from space 34048K, 100% used [0x0000000712b80000, 0x0000000714cc0000, 0x0000000714cc0000)
  to   space 34048K,   0% used [0x0000000710a40000, 0x0000000710a40000, 0x0000000712b80000)
 concurrent mark-sweep generation total 2804992K, used 1571580K [0x0000000714cc0000, 0x00000007c0000000, 0x00000007c0000000)
 Metaspace       used 130176K, capacity 132259K, committed 132292K, reserved 1165312K
  class space    used 16053K, capacity 16886K, committed 16904K, reserved 1048576K
Event: 1076.606 GC heap after
Heap after GC invocations=109 (full 32):
 par new generation   total 306688K, used 30906K [0x0000000700000000, 0x0000000714cc0000, 0x0000000714cc0000)
  eden space 272640K,   0% used [0x0000000700000000, 0x0000000700000000, 0x0000000710a40000)
  from space 34048K,  90% used [0x0000000710a40000, 0x000000071286eaf0, 0x0000000712b80000)
  to   space 34048K,   0% used [0x0000000712b80000, 0x0000000712b80000, 0x0000000714cc0000)
 concurrent mark-sweep generation total 2804992K, used 1719421K [0x0000000714cc0000, 0x00000007c0000000, 0x00000007c0000000)
 Metaspace       used 130176K, capacity 132259K, committed 132292K, reserved 1165312K
  class space    used 16053K, capacity 16886K, committed 16904K, reserved 1048576K
}
Event: 1076.675 GC heap before
{Heap before GC invocations=109 (full 32):
 par new generation   total 306688K, used 302473K [0x0000000700000000, 0x0000000714cc0000, 0x0000000714cc0000)
  eden space 272640K,  99% used [0x0000000700000000, 0x0000000710933ba0, 0x0000000710a40000)
  from space 34048K,  90% used [0x0000000710a40000, 0x000000071286eaf0, 0x0000000712b80000)
  to   space 34048K,   0% used [0x0000000712b80000, 0x0000000712b80000, 0x0000000714cc0000)
 concurrent mark-sweep generation total 2804992K, used 1719421K [0x0000000714cc0000, 0x00000007c0000000, 0x00000007c0000000)
 Metaspace       used 130176K, capacity 132259K, committed 132292K, reserved 1165312K
  class space    used 16053K, capacity 16886K, committed 16904K, reserved 1048576K
Event: 1076.723 GC heap after
Heap after GC invocations=110 (full 32):
 par new generation   total 306688K, used 10439K [0x0000000700000000, 0x0000000714cc0000, 0x0000000714cc0000)
  eden space 272640K,   0% used [0x0000000700000000, 0x0000000700000000, 0x0000000710a40000)
  from space 34048K,  30% used [0x0000000712b80000, 0x00000007135b1db0, 0x0000000714cc0000)
  to   space 34048K,   0% used [0x0000000710a40000, 0x0000000710a40000, 0x0000000712b80000)
 concurrent mark-sweep generation total 2804992K, used 1910626K [0x0000000714cc0000, 0x00000007c0000000, 0x00000007c0000000)
 Metaspace       used 130176K, capacity 132259K, committed 132292K, reserved 1165312K
  class space    used 16053K, capacity 16886K, committed 16904K, reserved 1048576K
}
Event: 1076.803 GC heap before
{Heap before GC invocations=110 (full 32):
 par new generation   total 306688K, used 255051K [0x0000000700000000, 0x0000000714cc0000, 0x0000000714cc0000)
  eden space 272640K,  89% used [0x0000000700000000, 0x000000070eee11a0, 0x0000000710a40000)
  from space 34048K,  30% used [0x0000000712b80000, 0x00000007135b1db0, 0x0000000714cc0000)
  to   space 34048K,   0% used [0x0000000710a40000, 0x0000000710a40000, 0x0000000712b80000)
 concurrent mark-sweep generation total 2804992K, used 1910626K [0x0000000714cc0000, 0x00000007c0000000, 0x00000007c0000000)
 Metaspace       used 130176K, capacity 132259K, committed 132292K, reserved 1165312K
  class space    used 16053K, capacity 16886K, committed 16904K, reserved 1048576K
Event: 1076.863 GC heap after
Heap after GC invocations=111 (full 32):
 par new generation   total 306688K, used 20294K [0x0000000700000000, 0x0000000714cc0000, 0x0000000714cc0000)
  eden space 272640K,   0% used [0x0000000700000000, 0x0000000700000000, 0x0000000710a40000)
  from space 34048K,  59% used [0x0000000710a40000, 0x0000000711e11830, 0x0000000712b80000)
  to   space 34048K,   0% used [0x0000000712b80000, 0x0000000712b80000, 0x0000000714cc0000)
 concurrent mark-sweep generation total 2804992K, used 2052975K [0x0000000714cc0000, 0x00000007c0000000, 0x00000007c0000000)
 Metaspace       used 130176K, capacity 132259K, committed 132292K, reserved 1165312K
  class space    used 16053K, capacity 16886K, committed 16904K, reserved 1048576K
}
Event: 1076.943 GC heap before
{Heap before GC invocations=111 (full 33):
 par new generation   total 306688K, used 252840K [0x0000000700000000, 0x0000000714cc0000, 0x0000000714cc0000)
  eden space 272640K,  85% used [0x0000000700000000, 0x000000070e318830, 0x0000000710a40000)
  from space 34048K,  59% used [0x0000000710a40000, 0x0000000711e11830, 0x0000000712b80000)
  to   space 34048K,   0% used [0x0000000712b80000, 0x0000000712b80000, 0x0000000714cc0000)
 concurrent mark-sweep generation total 2804992K, used 2052975K [0x0000000714cc0000, 0x00000007c0000000, 0x00000007c0000000)
 Metaspace       used 130176K, capacity 132259K, committed 132292K, reserved 1165312K
  class space    used 16053K, capacity 16886K, committed 16904K, reserved 1048576K
Event: 1076.999 GC heap after
Heap after GC invocations=112 (full 33):
 par new generation   total 306688K, used 20240K [0x0000000700000000, 0x0000000714cc0000, 0x0000000714cc0000)
  eden space 272640K,   0% used [0x0000000700000000, 0x0000000700000000, 0x0000000710a40000)
  from space 34048K,  59% used [0x0000000712b80000, 0x0000000713f44310, 0x0000000714cc0000)
  to   space 34048K,   0% used [0x0000000710a40000, 0x0000000710a40000, 0x0000000712b80000)
 concurrent mark-sweep generation total 2804992K, used 2202865K [0x0000000714cc0000, 0x00000007c0000000, 0x00000007c0000000)
 Metaspace       used 130176K, capacity 132259K, committed 132292K, reserved 1165312K
  class space    used 16053K, capacity 16886K, committed 16904K, reserved 1048576K
}

